{"/Users/gabrielpenalva/Documents/Skylab Hired/gabriel-penalva-skylab-hired/Server/controllers/addCommentRouteController.js":{"path":"/Users/gabrielpenalva/Documents/Skylab Hired/gabriel-penalva-skylab-hired/Server/controllers/addCommentRouteController.js","s":{"1":1,"2":1,"3":1,"4":3,"5":2,"6":2,"7":2,"8":2,"9":2,"10":1,"11":1,"12":1,"13":1,"14":1,"15":1,"16":0,"17":1,"18":1,"19":1,"20":4,"21":3,"22":3,"23":3,"24":1,"25":1,"26":2,"27":2,"28":2,"29":2,"30":1,"31":1,"32":1,"33":1,"34":1,"35":7,"36":1},"b":{"1":[2,1],"2":[3,3,2,2,2],"3":[1,1],"4":[1,0],"5":[3,1],"6":[4,4],"7":[1,2],"8":[1,1]},"f":{"1":7,"2":3,"3":4},"fnMap":{"1":{"name":"addCommentRouteController","line":3,"loc":{"start":{"line":3,"column":0},"end":{"line":3,"column":44}}},"2":{"name":"post","line":4,"loc":{"start":{"line":4,"column":4},"end":{"line":4,"column":28}}},"3":{"name":"patch","line":51,"loc":{"start":{"line":54,"column":4},"end":{"line":54,"column":29}}}},"statementMap":{"1":{"start":{"line":1,"column":-15},"end":{"line":1,"column":-15}},"2":{"start":{"line":3,"column":0},"end":{"line":98,"column":1}},"3":{"start":{"line":4,"column":4},"end":{"line":53,"column":5}},"4":{"start":{"line":5,"column":8},"end":{"line":52,"column":9}},"5":{"start":{"line":6,"column":12},"end":{"line":6,"column":12}},"6":{"start":{"line":7,"column":12},"end":{"line":7,"column":12}},"7":{"start":{"line":8,"column":12},"end":{"line":8,"column":12}},"8":{"start":{"line":9,"column":12},"end":{"line":9,"column":12}},"9":{"start":{"line":10,"column":16},"end":{"line":39,"column":17}},"10":{"start":{"line":11,"column":20},"end":{"line":11,"column":20}},"11":{"start":{"line":12,"column":20},"end":{"line":12,"column":20}},"12":{"start":{"line":21,"column":20},"end":{"line":21,"column":20}},"13":{"start":{"line":22,"column":24},"end":{"line":37,"column":25}},"14":{"start":{"line":23,"column":28},"end":{"line":23,"column":28}},"15":{"start":{"line":24,"column":28},"end":{"line":24,"column":28}},"16":{"start":{"line":31,"column":28},"end":{"line":31,"column":28}},"17":{"start":{"line":45,"column":12},"end":{"line":45,"column":12}},"18":{"start":{"line":46,"column":12},"end":{"line":46,"column":12}},"19":{"start":{"line":54,"column":4},"end":{"line":96,"column":5}},"20":{"start":{"line":55,"column":8},"end":{"line":92,"column":9}},"21":{"start":{"line":56,"column":12},"end":{"line":56,"column":12}},"22":{"start":{"line":57,"column":12},"end":{"line":57,"column":12}},"23":{"start":{"line":58,"column":16},"end":{"line":82,"column":17}},"24":{"start":{"line":59,"column":20},"end":{"line":59,"column":20}},"25":{"start":{"line":60,"column":20},"end":{"line":60,"column":20}},"26":{"start":{"line":67,"column":20},"end":{"line":67,"column":20}},"27":{"start":{"line":68,"column":20},"end":{"line":68,"column":20}},"28":{"start":{"line":69,"column":24},"end":{"line":69,"column":24}},"29":{"start":{"line":70,"column":24},"end":{"line":80,"column":25}},"30":{"start":{"line":71,"column":28},"end":{"line":71,"column":28}},"31":{"start":{"line":73,"column":28},"end":{"line":73,"column":28}},"32":{"start":{"line":74,"column":28},"end":{"line":74,"column":28}},"33":{"start":{"line":85,"column":12},"end":{"line":85,"column":12}},"34":{"start":{"line":86,"column":12},"end":{"line":86,"column":12}},"35":{"start":{"line":97,"column":4},"end":{"line":97,"column":4}},"36":{"start":{"line":99,"column":0},"end":{"line":99,"column":0}}},"branchMap":{"1":{"line":5,"type":"if","locations":[{"start":{"line":5,"column":8},"end":{"line":5,"column":8}},{"start":{"line":5,"column":8},"end":{"line":5,"column":8}}]},"2":{"line":5,"type":"binary-expr","locations":[{"start":{"line":5,"column":12},"end":{"line":5,"column":12}},{"start":{"line":5,"column":19},"end":{"line":5,"column":12}},{"start":{"line":5,"column":31},"end":{"line":5,"column":12}},{"start":{"line":5,"column":55},"end":{"line":5,"column":12}},{"start":{"line":5,"column":74},"end":{"line":5,"column":8}}]},"3":{"line":10,"type":"if","locations":[{"start":{"line":10,"column":16},"end":{"line":10,"column":16}},{"start":{"line":10,"column":16},"end":{"line":10,"column":16}}]},"4":{"line":22,"type":"if","locations":[{"start":{"line":22,"column":24},"end":{"line":22,"column":24}},{"start":{"line":22,"column":24},"end":{"line":22,"column":24}}]},"5":{"line":52,"type":"if","locations":[{"start":{"line":55,"column":8},"end":{"line":55,"column":8}},{"start":{"line":55,"column":8},"end":{"line":55,"column":8}}]},"6":{"line":52,"type":"binary-expr","locations":[{"start":{"line":55,"column":12},"end":{"line":55,"column":12}},{"start":{"line":55,"column":24},"end":{"line":55,"column":8}}]},"7":{"line":55,"type":"if","locations":[{"start":{"line":58,"column":16},"end":{"line":58,"column":16}},{"start":{"line":58,"column":16},"end":{"line":58,"column":16}}]},"8":{"line":67,"type":"if","locations":[{"start":{"line":70,"column":24},"end":{"line":70,"column":24}},{"start":{"line":70,"column":24},"end":{"line":70,"column":24}}]}}},"/Users/gabrielpenalva/Documents/Skylab Hired/gabriel-penalva-skylab-hired/Server/models/detailModel.js":{"path":"/Users/gabrielpenalva/Documents/Skylab Hired/gabriel-penalva-skylab-hired/Server/models/detailModel.js","s":{"1":1,"2":1,"3":1,"4":1},"b":{},"f":{},"fnMap":{},"statementMap":{"1":{"start":{"line":1,"column":-15},"end":{"line":1,"column":-15}},"2":{"start":{"line":3,"column":0},"end":{"line":3,"column":0}},"3":{"start":{"line":5,"column":0},"end":{"line":5,"column":0}},"4":{"start":{"line":21,"column":0},"end":{"line":21,"column":0}}},"branchMap":{}},"/Users/gabrielpenalva/Documents/Skylab Hired/gabriel-penalva-skylab-hired/Server/models/userModel.js":{"path":"/Users/gabrielpenalva/Documents/Skylab Hired/gabriel-penalva-skylab-hired/Server/models/userModel.js","s":{"1":1,"2":1,"3":1,"4":1},"b":{},"f":{},"fnMap":{},"statementMap":{"1":{"start":{"line":1,"column":-15},"end":{"line":1,"column":-15}},"2":{"start":{"line":3,"column":0},"end":{"line":3,"column":0}},"3":{"start":{"line":5,"column":0},"end":{"line":5,"column":0}},"4":{"start":{"line":21,"column":0},"end":{"line":21,"column":0}}},"branchMap":{}},"/Users/gabrielpenalva/Documents/Skylab Hired/gabriel-penalva-skylab-hired/Server/controllers/getItemRouteController.js":{"path":"/Users/gabrielpenalva/Documents/Skylab Hired/gabriel-penalva-skylab-hired/Server/controllers/getItemRouteController.js","s":{"1":1,"2":1,"3":1,"4":2,"5":2,"6":2,"7":1,"8":2,"9":1,"10":5,"11":5,"12":4,"13":4,"14":4,"15":1,"16":1,"17":1,"18":1,"19":1,"20":1,"21":1,"22":1,"23":4,"24":2,"25":2,"26":4,"27":4,"28":4,"29":2,"30":2,"31":2,"32":0,"33":0,"34":0,"35":0,"36":0,"37":1,"38":1,"39":1,"40":4,"41":3,"42":3,"43":3,"44":1,"45":1,"46":2,"47":2,"48":2,"49":2,"50":1,"51":1,"52":1,"53":1,"54":1,"55":11,"56":1},"b":{"1":[1,1],"2":[4,1],"3":[5,4,4,4,4,4,4],"4":[1,1,1,1],"5":[2,2],"6":[2,2],"7":[0,0],"8":[3,1],"9":[4,4],"10":[1,2],"11":[1,1]},"f":{"1":11,"2":2,"3":5,"4":4},"fnMap":{"1":{"name":"getItemApi","line":3,"loc":{"start":{"line":3,"column":0},"end":{"line":3,"column":26}}},"2":{"name":"get","line":4,"loc":{"start":{"line":4,"column":4},"end":{"line":4,"column":27}}},"3":{"name":"post","line":12,"loc":{"start":{"line":12,"column":4},"end":{"line":12,"column":28}}},"4":{"name":"patch","line":94,"loc":{"start":{"line":99,"column":4},"end":{"line":99,"column":29}}}},"statementMap":{"1":{"start":{"line":1,"column":-15},"end":{"line":1,"column":-15}},"2":{"start":{"line":3,"column":0},"end":{"line":142,"column":1}},"3":{"start":{"line":4,"column":4},"end":{"line":11,"column":5}},"4":{"start":{"line":5,"column":8},"end":{"line":5,"column":8}},"5":{"start":{"line":6,"column":8},"end":{"line":6,"column":8}},"6":{"start":{"line":7,"column":12},"end":{"line":7,"column":23}},"7":{"start":{"line":7,"column":23},"end":{"line":7,"column":23}},"8":{"start":{"line":9,"column":12},"end":{"line":9,"column":12}},"9":{"start":{"line":12,"column":4},"end":{"line":98,"column":5}},"10":{"start":{"line":14,"column":8},"end":{"line":14,"column":8}},"11":{"start":{"line":16,"column":8},"end":{"line":96,"column":9}},"12":{"start":{"line":17,"column":12},"end":{"line":17,"column":12}},"13":{"start":{"line":18,"column":12},"end":{"line":18,"column":12}},"14":{"start":{"line":32,"column":12},"end":{"line":32,"column":12}},"15":{"start":{"line":34,"column":20},"end":{"line":34,"column":20}},"16":{"start":{"line":35,"column":20},"end":{"line":35,"column":20}},"17":{"start":{"line":37,"column":20},"end":{"line":37,"column":20}},"18":{"start":{"line":38,"column":20},"end":{"line":38,"column":20}},"19":{"start":{"line":40,"column":20},"end":{"line":40,"column":20}},"20":{"start":{"line":41,"column":20},"end":{"line":41,"column":20}},"21":{"start":{"line":43,"column":20},"end":{"line":43,"column":20}},"22":{"start":{"line":44,"column":20},"end":{"line":44,"column":20}},"23":{"start":{"line":46,"column":12},"end":{"line":49,"column":16}},"24":{"start":{"line":47,"column":16},"end":{"line":46,"column":12}},"25":{"start":{"line":49,"column":16},"end":{"line":49,"column":16}},"26":{"start":{"line":51,"column":12},"end":{"line":51,"column":12}},"27":{"start":{"line":52,"column":12},"end":{"line":52,"column":12}},"28":{"start":{"line":54,"column":16},"end":{"line":86,"column":17}},"29":{"start":{"line":55,"column":20},"end":{"line":55,"column":20}},"30":{"start":{"line":56,"column":20},"end":{"line":56,"column":20}},"31":{"start":{"line":64,"column":20},"end":{"line":64,"column":20}},"32":{"start":{"line":65,"column":24},"end":{"line":83,"column":25}},"33":{"start":{"line":66,"column":28},"end":{"line":66,"column":28}},"34":{"start":{"line":67,"column":28},"end":{"line":67,"column":28}},"35":{"start":{"line":76,"column":28},"end":{"line":76,"column":28}},"36":{"start":{"line":77,"column":28},"end":{"line":77,"column":28}},"37":{"start":{"line":89,"column":12},"end":{"line":89,"column":12}},"38":{"start":{"line":90,"column":12},"end":{"line":90,"column":12}},"39":{"start":{"line":99,"column":4},"end":{"line":140,"column":5}},"40":{"start":{"line":100,"column":8},"end":{"line":138,"column":9}},"41":{"start":{"line":101,"column":12},"end":{"line":101,"column":12}},"42":{"start":{"line":102,"column":12},"end":{"line":102,"column":12}},"43":{"start":{"line":103,"column":16},"end":{"line":128,"column":17}},"44":{"start":{"line":104,"column":20},"end":{"line":104,"column":20}},"45":{"start":{"line":105,"column":20},"end":{"line":105,"column":20}},"46":{"start":{"line":113,"column":20},"end":{"line":113,"column":20}},"47":{"start":{"line":114,"column":20},"end":{"line":114,"column":20}},"48":{"start":{"line":115,"column":24},"end":{"line":115,"column":24}},"49":{"start":{"line":116,"column":24},"end":{"line":126,"column":25}},"50":{"start":{"line":117,"column":28},"end":{"line":117,"column":28}},"51":{"start":{"line":119,"column":28},"end":{"line":119,"column":28}},"52":{"start":{"line":120,"column":28},"end":{"line":120,"column":28}},"53":{"start":{"line":131,"column":12},"end":{"line":131,"column":12}},"54":{"start":{"line":132,"column":12},"end":{"line":132,"column":12}},"55":{"start":{"line":141,"column":4},"end":{"line":141,"column":4}},"56":{"start":{"line":144,"column":0},"end":{"line":144,"column":0}}},"branchMap":{"1":{"line":7,"type":"if","locations":[{"start":{"line":7,"column":12},"end":{"line":7,"column":12}},{"start":{"line":7,"column":12},"end":{"line":7,"column":12}}]},"2":{"line":16,"type":"if","locations":[{"start":{"line":16,"column":8},"end":{"line":16,"column":8}},{"start":{"line":16,"column":8},"end":{"line":16,"column":8}}]},"3":{"line":16,"type":"binary-expr","locations":[{"start":{"line":16,"column":12},"end":{"line":16,"column":12}},{"start":{"line":16,"column":24},"end":{"line":16,"column":12}},{"start":{"line":16,"column":47},"end":{"line":16,"column":12}},{"start":{"line":16,"column":68},"end":{"line":16,"column":12}},{"start":{"line":16,"column":88},"end":{"line":16,"column":12}},{"start":{"line":16,"column":108},"end":{"line":16,"column":12}},{"start":{"line":16,"column":131},"end":{"line":16,"column":8}}]},"4":{"line":32,"type":"switch","locations":[{"start":{"line":33,"column":16},"end":{"line":35,"column":20}},{"start":{"line":36,"column":16},"end":{"line":38,"column":20}},{"start":{"line":39,"column":16},"end":{"line":41,"column":20}},{"start":{"line":42,"column":16},"end":{"line":44,"column":20}}]},"5":{"line":46,"type":"if","locations":[{"start":{"line":46,"column":12},"end":{"line":46,"column":12}},{"start":{"line":46,"column":12},"end":{"line":46,"column":12}}]},"6":{"line":51,"type":"if","locations":[{"start":{"line":54,"column":16},"end":{"line":54,"column":16}},{"start":{"line":54,"column":16},"end":{"line":54,"column":16}}]},"7":{"line":62,"type":"if","locations":[{"start":{"line":65,"column":24},"end":{"line":65,"column":24}},{"start":{"line":65,"column":24},"end":{"line":65,"column":24}}]},"8":{"line":95,"type":"if","locations":[{"start":{"line":100,"column":8},"end":{"line":100,"column":8}},{"start":{"line":100,"column":8},"end":{"line":100,"column":8}}]},"9":{"line":95,"type":"binary-expr","locations":[{"start":{"line":100,"column":12},"end":{"line":100,"column":12}},{"start":{"line":100,"column":24},"end":{"line":100,"column":8}}]},"10":{"line":98,"type":"if","locations":[{"start":{"line":103,"column":16},"end":{"line":103,"column":16}},{"start":{"line":103,"column":16},"end":{"line":103,"column":16}}]},"11":{"line":111,"type":"if","locations":[{"start":{"line":116,"column":24},"end":{"line":116,"column":24}},{"start":{"line":116,"column":24},"end":{"line":116,"column":24}}]}}},"/Users/gabrielpenalva/Documents/Skylab Hired/gabriel-penalva-skylab-hired/Server/controllers/getListRouteController.js":{"path":"/Users/gabrielpenalva/Documents/Skylab Hired/gabriel-penalva-skylab-hired/Server/controllers/getListRouteController.js","s":{"1":1,"2":1,"3":3,"4":1,"5":3,"6":2,"7":2,"8":2,"9":1,"10":1,"11":1,"12":1,"13":1,"14":1,"15":3,"16":1},"b":{"1":[2,1],"2":[3,2],"3":[1,1]},"f":{"1":3,"2":3},"fnMap":{"1":{"name":"getListController","line":2,"loc":{"start":{"line":2,"column":0},"end":{"line":2,"column":33}}},"2":{"name":"get","line":7,"loc":{"start":{"line":7,"column":4},"end":{"line":7,"column":27}}}},"statementMap":{"1":{"start":{"line":1,"column":-15},"end":{"line":1,"column":-15}},"2":{"start":{"line":2,"column":0},"end":{"line":38,"column":1}},"3":{"start":{"line":3,"column":4},"end":{"line":3,"column":4}},"4":{"start":{"line":7,"column":4},"end":{"line":36,"column":5}},"5":{"start":{"line":8,"column":8},"end":{"line":35,"column":9}},"6":{"start":{"line":9,"column":12},"end":{"line":9,"column":12}},"7":{"start":{"line":12,"column":12},"end":{"line":12,"column":12}},"8":{"start":{"line":13,"column":16},"end":{"line":24,"column":17}},"9":{"start":{"line":14,"column":20},"end":{"line":14,"column":20}},"10":{"start":{"line":15,"column":20},"end":{"line":15,"column":20}},"11":{"start":{"line":22,"column":20},"end":{"line":22,"column":20}},"12":{"start":{"line":23,"column":20},"end":{"line":23,"column":20}},"13":{"start":{"line":28,"column":12},"end":{"line":28,"column":12}},"14":{"start":{"line":29,"column":12},"end":{"line":29,"column":12}},"15":{"start":{"line":37,"column":4},"end":{"line":37,"column":4}},"16":{"start":{"line":39,"column":0},"end":{"line":39,"column":0}}},"branchMap":{"1":{"line":8,"type":"if","locations":[{"start":{"line":8,"column":8},"end":{"line":8,"column":8}},{"start":{"line":8,"column":8},"end":{"line":8,"column":8}}]},"2":{"line":8,"type":"binary-expr","locations":[{"start":{"line":8,"column":12},"end":{"line":8,"column":12}},{"start":{"line":8,"column":31},"end":{"line":8,"column":8}}]},"3":{"line":12,"type":"if","locations":[{"start":{"line":13,"column":16},"end":{"line":13,"column":16}},{"start":{"line":13,"column":16},"end":{"line":13,"column":16}}]}}},"/Users/gabrielpenalva/Documents/Skylab Hired/gabriel-penalva-skylab-hired/Server/controllers/loginRouteController.js":{"path":"/Users/gabrielpenalva/Documents/Skylab Hired/gabriel-penalva-skylab-hired/Server/controllers/loginRouteController.js","s":{"1":1,"2":1,"3":1,"4":4,"5":4,"6":3,"7":3,"8":3,"9":1,"10":1,"11":2,"12":1,"13":1,"14":1,"15":1,"16":1,"17":1,"18":1,"19":4,"20":1},"b":{"1":[3,1],"2":[4,4,3,3],"3":[1,2],"4":[1,1],"5":[2,2]},"f":{"1":4,"2":4},"fnMap":{"1":{"name":"loginRouteController","line":3,"loc":{"start":{"line":3,"column":0},"end":{"line":3,"column":36}}},"2":{"name":"post","line":4,"loc":{"start":{"line":4,"column":4},"end":{"line":4,"column":28}}}},"statementMap":{"1":{"start":{"line":1,"column":-15},"end":{"line":1,"column":-15}},"2":{"start":{"line":3,"column":0},"end":{"line":51,"column":1}},"3":{"start":{"line":4,"column":4},"end":{"line":49,"column":5}},"4":{"start":{"line":5,"column":8},"end":{"line":5,"column":8}},"5":{"start":{"line":6,"column":8},"end":{"line":48,"column":9}},"6":{"start":{"line":7,"column":12},"end":{"line":7,"column":12}},"7":{"start":{"line":9,"column":12},"end":{"line":9,"column":12}},"8":{"start":{"line":10,"column":16},"end":{"line":37,"column":17}},"9":{"start":{"line":11,"column":20},"end":{"line":11,"column":20}},"10":{"start":{"line":12,"column":20},"end":{"line":12,"column":20}},"11":{"start":{"line":20,"column":21},"end":{"line":37,"column":17}},"12":{"start":{"line":21,"column":20},"end":{"line":21,"column":20}},"13":{"start":{"line":24,"column":20},"end":{"line":24,"column":20}},"14":{"start":{"line":26,"column":20},"end":{"line":26,"column":20}},"15":{"start":{"line":29,"column":20},"end":{"line":29,"column":20}},"16":{"start":{"line":30,"column":20},"end":{"line":30,"column":20}},"17":{"start":{"line":41,"column":12},"end":{"line":41,"column":12}},"18":{"start":{"line":42,"column":12},"end":{"line":42,"column":12}},"19":{"start":{"line":50,"column":4},"end":{"line":50,"column":4}},"20":{"start":{"line":52,"column":0},"end":{"line":52,"column":0}}},"branchMap":{"1":{"line":6,"type":"if","locations":[{"start":{"line":6,"column":8},"end":{"line":6,"column":8}},{"start":{"line":6,"column":8},"end":{"line":6,"column":8}}]},"2":{"line":6,"type":"binary-expr","locations":[{"start":{"line":6,"column":12},"end":{"line":6,"column":12}},{"start":{"line":6,"column":19},"end":{"line":6,"column":12}},{"start":{"line":6,"column":31},"end":{"line":6,"column":12}},{"start":{"line":6,"column":52},"end":{"line":6,"column":8}}]},"3":{"line":10,"type":"if","locations":[{"start":{"line":10,"column":16},"end":{"line":10,"column":16}},{"start":{"line":10,"column":16},"end":{"line":10,"column":16}}]},"4":{"line":18,"type":"if","locations":[{"start":{"line":20,"column":21},"end":{"line":20,"column":21}},{"start":{"line":20,"column":21},"end":{"line":20,"column":21}}]},"5":{"line":18,"type":"binary-expr","locations":[{"start":{"line":20,"column":26},"end":{"line":20,"column":25}},{"start":{"line":20,"column":49},"end":{"line":20,"column":21}}]}}}}