TN:
SF:/Users/gabrielpenalva/Documents/Skylab Hired/gabriel-penalva-skylab-hired/Server/controllers/addCommentRouteController.js
FN:3,addCommentRouteController
FN:4,post
FN:51,patch
FNF:3
FNH:3
FNDA:7,addCommentRouteController
FNDA:3,post
FNDA:4,patch
DA:1,1
DA:3,1
DA:4,1
DA:5,3
DA:6,2
DA:7,2
DA:8,2
DA:9,2
DA:10,2
DA:11,1
DA:12,1
DA:21,1
DA:22,1
DA:23,1
DA:24,1
DA:31,0
DA:45,1
DA:46,1
DA:54,1
DA:55,4
DA:56,3
DA:57,3
DA:58,3
DA:59,1
DA:60,1
DA:67,2
DA:68,2
DA:69,2
DA:70,2
DA:71,1
DA:73,1
DA:74,1
DA:85,1
DA:86,1
DA:97,7
DA:99,1
LF:36
LH:35
BRDA:5,1,0,2
BRDA:5,1,1,1
BRDA:5,2,0,3
BRDA:5,2,1,3
BRDA:5,2,2,2
BRDA:5,2,3,2
BRDA:5,2,4,2
BRDA:10,3,0,1
BRDA:10,3,1,1
BRDA:22,4,0,1
BRDA:22,4,1,0
BRDA:52,5,0,3
BRDA:52,5,1,1
BRDA:52,6,0,4
BRDA:52,6,1,4
BRDA:55,7,0,1
BRDA:55,7,1,2
BRDA:67,8,0,1
BRDA:67,8,1,1
BRF:19
BRH:18
end_of_record
TN:
SF:/Users/gabrielpenalva/Documents/Skylab Hired/gabriel-penalva-skylab-hired/Server/models/detailModel.js
FNF:0
FNH:0
DA:1,1
DA:3,1
DA:5,1
DA:21,1
LF:4
LH:4
BRF:0
BRH:0
end_of_record
TN:
SF:/Users/gabrielpenalva/Documents/Skylab Hired/gabriel-penalva-skylab-hired/Server/models/userModel.js
FNF:0
FNH:0
DA:1,1
DA:3,1
DA:5,1
DA:21,1
LF:4
LH:4
BRF:0
BRH:0
end_of_record
TN:
SF:/Users/gabrielpenalva/Documents/Skylab Hired/gabriel-penalva-skylab-hired/Server/controllers/getItemRouteController.js
FN:3,getItemApi
FN:4,get
FN:12,post
FN:94,patch
FNF:4
FNH:4
FNDA:11,getItemApi
FNDA:2,get
FNDA:5,post
FNDA:4,patch
DA:1,1
DA:3,1
DA:4,1
DA:5,2
DA:6,2
DA:7,2
DA:9,2
DA:12,1
DA:14,5
DA:16,5
DA:17,4
DA:18,4
DA:32,4
DA:34,1
DA:35,1
DA:37,1
DA:38,1
DA:40,1
DA:41,1
DA:43,1
DA:44,1
DA:46,4
DA:47,2
DA:49,2
DA:51,4
DA:52,4
DA:54,4
DA:55,2
DA:56,2
DA:64,2
DA:65,0
DA:66,0
DA:67,0
DA:76,0
DA:77,0
DA:89,1
DA:90,1
DA:99,1
DA:100,4
DA:101,3
DA:102,3
DA:103,3
DA:104,1
DA:105,1
DA:113,2
DA:114,2
DA:115,2
DA:116,2
DA:117,1
DA:119,1
DA:120,1
DA:131,1
DA:132,1
DA:141,11
DA:144,1
LF:55
LH:50
BRDA:7,1,0,1
BRDA:7,1,1,1
BRDA:16,2,0,4
BRDA:16,2,1,1
BRDA:16,3,0,5
BRDA:16,3,1,4
BRDA:16,3,2,4
BRDA:16,3,3,4
BRDA:16,3,4,4
BRDA:16,3,5,4
BRDA:16,3,6,4
BRDA:32,4,0,1
BRDA:32,4,1,1
BRDA:32,4,2,1
BRDA:32,4,3,1
BRDA:46,5,0,2
BRDA:46,5,1,2
BRDA:51,6,0,2
BRDA:51,6,1,2
BRDA:62,7,0,0
BRDA:62,7,1,0
BRDA:95,8,0,3
BRDA:95,8,1,1
BRDA:95,9,0,4
BRDA:95,9,1,4
BRDA:98,10,0,1
BRDA:98,10,1,2
BRDA:111,11,0,1
BRDA:111,11,1,1
BRF:29
BRH:27
end_of_record
TN:
SF:/Users/gabrielpenalva/Documents/Skylab Hired/gabriel-penalva-skylab-hired/Server/controllers/getListRouteController.js
FN:2,getListController
FN:7,get
FNF:2
FNH:2
FNDA:3,getListController
FNDA:3,get
DA:1,1
DA:2,1
DA:3,3
DA:7,1
DA:8,3
DA:9,2
DA:12,2
DA:13,2
DA:14,1
DA:15,1
DA:22,1
DA:23,1
DA:28,1
DA:29,1
DA:37,3
DA:39,1
LF:16
LH:16
BRDA:8,1,0,2
BRDA:8,1,1,1
BRDA:8,2,0,3
BRDA:8,2,1,2
BRDA:12,3,0,1
BRDA:12,3,1,1
BRF:6
BRH:6
end_of_record
TN:
SF:/Users/gabrielpenalva/Documents/Skylab Hired/gabriel-penalva-skylab-hired/Server/controllers/loginRouteController.js
FN:3,loginRouteController
FN:4,post
FNF:2
FNH:2
FNDA:4,loginRouteController
FNDA:4,post
DA:1,1
DA:3,1
DA:4,1
DA:5,4
DA:6,4
DA:7,3
DA:9,3
DA:10,3
DA:11,1
DA:12,1
DA:20,2
DA:21,1
DA:24,1
DA:26,1
DA:29,1
DA:30,1
DA:41,1
DA:42,1
DA:50,4
DA:52,1
LF:20
LH:20
BRDA:6,1,0,3
BRDA:6,1,1,1
BRDA:6,2,0,4
BRDA:6,2,1,4
BRDA:6,2,2,3
BRDA:6,2,3,3
BRDA:10,3,0,1
BRDA:10,3,1,2
BRDA:18,4,0,1
BRDA:18,4,1,1
BRDA:18,5,0,2
BRDA:18,5,1,2
BRF:12
BRH:12
end_of_record
